<?xml version="1.0" encoding="UTF-8"?>
<testsuite name="org.example.SquareNeuronTest" tests="3" skipped="0" failures="0" errors="0" timestamp="2024-06-06T20:25:59" hostname="QUR7308A" time="18.736">
  <properties/>
  <testcase name="testRecognizeGeneratedSquareSignal()" classname="org.example.SquareNeuronTest" time="0.061"/>
  <testcase name="testRecognizeNoisySignal()" classname="org.example.SquareNeuronTest" time="0.067"/>
  <testcase name="testNonRecognizedSignal()" classname="org.example.SquareNeuronTest" time="0.064"/>
  <system-out><![CDATA[Apprentissage du neurone avec des signaux carrÃ©s...
Fait en 13906 tours.
Precision moyenne : 0.7252452

RÃ©sultats pour un signal carrÃ©:
Sortie du neurone : 0.9900144
Apprentissage du neurone avec des signaux carrÃ©s...
Fait en 23242 tours.
Precision moyenne : 0.57883364

RÃ©sultats pour un signal carrÃ©:
Sortie du neurone : 0.99082416
Apprentissage du neurone avec des signaux carrÃ©s...
Fait en 18629 tours.
Precision moyenne : 0.6461033

RÃ©sultats pour un signal carrÃ©:
Sortie du neurone : 0.009024108
]]></system-out>
  <system-err><![CDATA[]]></system-err>
</testsuite>
