<?xml version="1.0" encoding="UTF-8"?>
<testsuite name="org.example.SinusoidaleNeuronTest" tests="3" skipped="0" failures="0" errors="0" timestamp="2024-06-06T20:25:03" hostname="QUR7308A" time="23.693">
  <properties/>
  <testcase name="testRecognizeNoisySignal()" classname="org.example.SinusoidaleNeuronTest" time="0.064"/>
  <testcase name="testRecognizeGeneratedSignal()" classname="org.example.SinusoidaleNeuronTest" time="0.064"/>
  <testcase name="testNonRecognizedSignal()" classname="org.example.SinusoidaleNeuronTest" time="0.07"/>
  <system-out><![CDATA[Apprentissage du neurone avec des signaux sinusoidaux...
Fait en 26540 tours.
Precision moyenne : 0.70371306

RÃ©sultats pour un signal sinusoidale:
Sortie du neurone : 0.9953611
Apprentissage du neurone avec des signaux sinusoidaux...
Fait en 25314 tours.
Precision moyenne : 0.6788521

RÃ©sultats pour un signal sinusoidale:
Sortie du neurone : 0.9999441
Apprentissage du neurone avec des signaux sinusoidaux...
Fait en 27340 tours.
Precision moyenne : 0.71959424

RÃ©sultats pour un signal sinusoidale:
Sortie du neurone : 0.0
]]></system-out>
  <system-err><![CDATA[]]></system-err>
</testsuite>
