<?xml version="1.0" encoding="UTF-8"?>
<testsuite name="org.example.SinusoidaleTwoNeuronTest" tests="3" skipped="0" failures="0" errors="0" timestamp="2024-06-06T20:25:35" hostname="QUR7308A" time="16.538">
  <properties/>
  <testcase name="testRecognizeGeneratedDoubleSinusSignal()" classname="org.example.SinusoidaleTwoNeuronTest" time="0.061"/>
  <testcase name="testRecognizeNoisySignal()" classname="org.example.SinusoidaleTwoNeuronTest" time="0.066"/>
  <testcase name="testNonRecognizedSignal()" classname="org.example.SinusoidaleTwoNeuronTest" time="0.059"/>
  <system-out><![CDATA[Apprentissage du neuron avec des double signaux sinusoidaux...
Fait en 11076 tours.
Precision moyenne : 0.72811484

RÃ©sultats pour un signal a double sinusoidal:
Sortie du neurone : 0.9999054
Apprentissage du neuron avec des double signaux sinusoidaux...
Fait en 11172 tours.
Precision moyenne : 0.6927193

RÃ©sultats pour un signal a double sinusoidal:
Sortie du neurone : 0.99632543
Apprentissage du neuron avec des double signaux sinusoidaux...
Fait en 10472 tours.
Precision moyenne : 0.7764129

RÃ©sultats pour un signal a double sinusoidal:
Sortie du neurone : 8.266348E-4
]]></system-out>
  <system-err><![CDATA[]]></system-err>
</testsuite>
