<?xml version="1.0" encoding="UTF-8"?>
<testsuite name="org.example.CombinaisonNeuronTest" tests="3" skipped="0" failures="0" errors="0" timestamp="2024-06-07T06:37:12" hostname="LAPTOP-UETO402B" time="0.156">
  <properties/>
  <testcase name="testRecognizeNoisySignal()" classname="org.example.CombinaisonNeuronTest" time="0.063"/>
  <testcase name="testRecognizeGeneratedSignal()" classname="org.example.CombinaisonNeuronTest" time="0.046"/>
  <testcase name="testNonRecognizedSignal()" classname="org.example.CombinaisonNeuronTest" time="0.045"/>
  <system-out><![CDATA[Apprentissage du neuron avec des signaux combinÃ©s...
Fait en 966 tours.
Precision moyenne : 0.7498122

Resultats pour un signal genere (combinaison):
Sortie du neurone : 0.99291414

Resultats pour un signal genere (combinaison):
Sortie du neurone : 0.99116397

Resultats pour un signal genere (combinaison):
Sortie du neurone : 0.0
]]></system-out>
  <system-err><![CDATA[]]></system-err>
</testsuite>
